0 info it worked if it ends with ok
1 verbose cli [ '/home/ubuntu/.nvm/v0.10.35/bin/node',
1 verbose cli   '/home/ubuntu/.nvm/v0.10.35/bin/npm',
1 verbose cli   'publish' ]
2 info using npm@1.4.28
3 info using node@v0.10.35
4 verbose publish [ '.' ]
5 verbose cache add [ '.', null ]
6 verbose cache add name=undefined spec="." args=[".",null]
7 verbose parsed url { protocol: null,
7 verbose parsed url   slashes: null,
7 verbose parsed url   auth: null,
7 verbose parsed url   host: null,
7 verbose parsed url   port: null,
7 verbose parsed url   hostname: null,
7 verbose parsed url   hash: null,
7 verbose parsed url   search: null,
7 verbose parsed url   query: null,
7 verbose parsed url   pathname: '.',
7 verbose parsed url   path: '.',
7 verbose parsed url   href: '.' }
8 silly lockFile 3a52ce78- .
9 verbose lock . /home/ubuntu/.npm/3a52ce78-.lock
10 verbose tar pack [ '/home/ubuntu/.npm/sgp4/1.0.0/package.tgz', '.' ]
11 verbose tarball /home/ubuntu/.npm/sgp4/1.0.0/package.tgz
12 verbose folder .
13 info prepublish sgp4@1.0.0
14 silly lockFile 1f1177db-tar tar://.
15 verbose lock tar://. /home/ubuntu/.npm/1f1177db-tar.lock
16 silly lockFile 933eb519-buntu-npm-sgp4-1-0-0-package-tgz tar:///home/ubuntu/.npm/sgp4/1.0.0/package.tgz
17 verbose lock tar:///home/ubuntu/.npm/sgp4/1.0.0/package.tgz /home/ubuntu/.npm/933eb519-buntu-npm-sgp4-1-0-0-package-tgz.lock
18 silly lockFile 1f1177db-tar tar://.
19 silly lockFile 1f1177db-tar tar://.
20 silly lockFile 933eb519-buntu-npm-sgp4-1-0-0-package-tgz tar:///home/ubuntu/.npm/sgp4/1.0.0/package.tgz
21 silly lockFile 933eb519-buntu-npm-sgp4-1-0-0-package-tgz tar:///home/ubuntu/.npm/sgp4/1.0.0/package.tgz
22 silly lockFile da46ef0e-me-ubuntu-npm-sgp4-1-0-0-package /home/ubuntu/.npm/sgp4/1.0.0/package
23 verbose lock /home/ubuntu/.npm/sgp4/1.0.0/package /home/ubuntu/.npm/da46ef0e-me-ubuntu-npm-sgp4-1-0-0-package.lock
24 silly lockFile da46ef0e-me-ubuntu-npm-sgp4-1-0-0-package /home/ubuntu/.npm/sgp4/1.0.0/package
25 silly lockFile da46ef0e-me-ubuntu-npm-sgp4-1-0-0-package /home/ubuntu/.npm/sgp4/1.0.0/package
26 silly lockFile 3a52ce78- .
27 silly lockFile 3a52ce78- .
28 silly publish { name: 'sgp4',
28 silly publish   version: '1.0.0',
28 silly publish   description: 'A NodeJS port of python-sgp4',
28 silly publish   main: 'sgp4.js',
28 silly publish   scripts: { test: 'echo "Error: no test specified" && exit 1' },
28 silly publish   repository:
28 silly publish    { type: 'git',
28 silly publish      url: 'https://github.com/joshuaferrara/node-sgp4.git' },
28 silly publish   keywords:
28 silly publish    [ 'sgp4',
28 silly publish      'node-sgp4',
28 silly publish      'satellite',
28 silly publish      'tle',
28 silly publish      'norad',
28 silly publish      'wgs84',
28 silly publish      'wgs72' ],
28 silly publish   author: { name: 'Joshua Ferrara' },
28 silly publish   licenses:
28 silly publish    [ { type: 'MIT',
28 silly publish        url: 'https://github.com/joshuaferrara/node-sgp4/blob/master/LICENSE' } ],
28 silly publish   bugs: { url: 'https://github.com/joshuaferrara/node-sgp4/issues' },
28 silly publish   homepage: 'https://github.com/joshuaferrara/node-sgp4',
28 silly publish   readme: '### ToDo',
28 silly publish   readmeFilename: 'README.md',
28 silly publish   gitHead: 'abf1156e41b8454eae1d9424de12f0ef6a137289',
28 silly publish   _id: 'sgp4@1.0.0',
28 silly publish   _shasum: '010d3211d66b62655fed9d97abc82b4004d1dbc2',
28 silly publish   _from: '.' }
29 error need auth auth and email required for publishing
29 error need auth You need to authorize this machine using `npm adduser`
30 error System Linux 3.14.13-c9
31 error command "/home/ubuntu/.nvm/v0.10.35/bin/node" "/home/ubuntu/.nvm/v0.10.35/bin/npm" "publish"
32 error cwd /home/ubuntu/workspace
33 error node -v v0.10.35
34 error npm -v 1.4.28
35 error code ENEEDAUTH
36 verbose exit [ 1, true ]
